<?xml version="1.0" encoding="UTF-8"?>
<!-- Generated by org.testng.reporters.JUnitReportReporter -->
<testsuite skipped="0" hostname="Aditya-PC" name="starter.search.LookUp" tests="2" failures="0" timestamp="2022-04-25T22:51:19 EDT" time="16.286" errors="0">
  <testcase name="add" time="9.211" classname="starter.search.LookUp"/>
  <system-out/>
  <testcase name="del" time="7.075" classname="starter.search.LookUp"/>
  <system-out/>
</testsuite> <!-- starter.search.LookUp -->
